<?xml version="1.0" encoding="UTF-8"?>
<!-- Generated by org.testng.reporters.JUnitReportReporter -->
<testsuite hostname="MacBook-Pro-de-MAC.local" failures="0" tests="1" name="demoqa.AlertTest" time="0.054" errors="0" timestamp="21 Sept 2022 17:52:40 GMT" skipped="0">
  <testcase classname="demoqa.AlertTest" name="alertTest" time="0.054"/>
</testsuite> <!-- demoqa.AlertTest -->
